0 info it worked if it ends with ok
1 verbose cli [ 'C:\\Program Files\\nodejs\\node.exe',
1 verbose cli   'C:\\Program Files\\nodejs\\node_modules\\npm\\bin\\npm-cli.js',
1 verbose cli   'install' ]
2 info using npm@3.9.3
3 info using node@v6.2.1
4 silly loadCurrentTree Starting
5 silly install loadCurrentTree
6 silly install readLocalPackageData
7 silly install normalizeTree
8 silly loadCurrentTree Finishing
9 silly loadIdealTree Starting
10 silly install loadIdealTree
11 silly cloneCurrentTree Starting
12 silly install cloneCurrentTreeToIdealTree
13 silly cloneCurrentTree Finishing
14 silly loadShrinkwrap Starting
15 silly install loadShrinkwrap
16 silly loadShrinkwrap Finishing
17 silly loadAllDepsIntoIdealTree Starting
18 silly install loadAllDepsIntoIdealTree
19 silly fetchNamedPackageData fsevents
20 silly mapToRegistry name fsevents
21 silly mapToRegistry using default registry
22 silly mapToRegistry registry https://registry.npmjs.org/
23 silly mapToRegistry data Result {
23 silly mapToRegistry   raw: 'fsevents',
23 silly mapToRegistry   scope: null,
23 silly mapToRegistry   name: 'fsevents',
23 silly mapToRegistry   rawSpec: '',
23 silly mapToRegistry   spec: 'latest',
23 silly mapToRegistry   type: 'tag' }
24 silly mapToRegistry uri https://registry.npmjs.org/fsevents
25 verbose request uri https://registry.npmjs.org/fsevents
26 verbose request no auth needed
27 info attempt registry request try #1 at 8:14:41 PM
28 verbose request id 3a0f4c18dcb64eb1
29 verbose etag "6WG2IHJ3R1KBCEVEQH5157IQJ"
30 http request GET https://registry.npmjs.org/fsevents
31 http 304 https://registry.npmjs.org/fsevents
32 verbose headers { date: 'Sun, 19 Jun 2016 01:14:34 GMT',
32 verbose headers   via: '1.1 varnish',
32 verbose headers   'cache-control': 'max-age=300',
32 verbose headers   etag: '"6WG2IHJ3R1KBCEVEQH5157IQJ"',
32 verbose headers   age: '9',
32 verbose headers   connection: 'keep-alive',
32 verbose headers   'x-served-by': 'cache-iad2133-IAD',
32 verbose headers   'x-cache': 'HIT',
32 verbose headers   'x-cache-hits': '1',
32 verbose headers   'x-timer': 'S1466298874.858858,VS0,VE0',
32 verbose headers   vary: 'Accept-Encoding' }
33 silly get cb [ 304,
33 silly get   { date: 'Sun, 19 Jun 2016 01:14:34 GMT',
33 silly get     via: '1.1 varnish',
33 silly get     'cache-control': 'max-age=300',
33 silly get     etag: '"6WG2IHJ3R1KBCEVEQH5157IQJ"',
33 silly get     age: '9',
33 silly get     connection: 'keep-alive',
33 silly get     'x-served-by': 'cache-iad2133-IAD',
33 silly get     'x-cache': 'HIT',
33 silly get     'x-cache-hits': '1',
33 silly get     'x-timer': 'S1466298874.858858,VS0,VE0',
33 silly get     vary: 'Accept-Encoding' } ]
34 verbose etag https://registry.npmjs.org/fsevents from cache
35 verbose get saving fsevents to C:\Users\msteg_000\AppData\Roaming\npm-cache\registry.npmjs.org\fsevents\.cache.json
36 verbose correctMkdir C:\Users\msteg_000\AppData\Roaming\npm-cache correctMkdir not in flight; initializing
37 silly resolveWithNewModule fsevents@1.0.12 checking installable status
38 silly loadAllDepsIntoIdealTree Finishing
39 silly idealTree:prePrune socialmixr@0.0.1
39 silly idealTree:prePrune +-- abbrev@1.0.9
39 silly idealTree:prePrune +-- accepts@1.3.3
39 silly idealTree:prePrune +-- acorn@2.6.4
39 silly idealTree:prePrune +-- align-text@0.1.4
39 silly idealTree:prePrune +-- alter@0.2.0
39 silly idealTree:prePrune +-- amdefine@1.0.0
39 silly idealTree:prePrune +-- angular-resource@1.5.7
39 silly idealTree:prePrune +-- angular-route@1.5.7
39 silly idealTree:prePrune +-- angular-ui-bootstrap@1.3.3
39 silly idealTree:prePrune +-- angular@1.5.7
39 silly idealTree:prePrune +-- ansi-regex@2.0.0
39 silly idealTree:prePrune +-- ansi-styles@2.2.1
39 silly idealTree:prePrune +-- anymatch@1.3.0
39 silly idealTree:prePrune +-- arr-diff@2.0.0
39 silly idealTree:prePrune +-- arr-flatten@1.0.1
39 silly idealTree:prePrune +-- array-flatten@1.1.1
39 silly idealTree:prePrune +-- array-unique@0.2.1
39 silly idealTree:prePrune +-- arrify@1.0.1
39 silly idealTree:prePrune +-- assert@1.4.1
39 silly idealTree:prePrune +-- async-each@1.0.0
39 silly idealTree:prePrune +-- async@1.5.2
39 silly idealTree:prePrune +-- balanced-match@0.4.1
39 silly idealTree:prePrune +-- base64-js@0.0.8
39 silly idealTree:prePrune +-- base64-url@1.2.1
39 silly idealTree:prePrune +-- Base64@0.2.1
39 silly idealTree:prePrune +-- basic-auth@1.0.4
39 silly idealTree:prePrune +-- big.js@3.1.3
39 silly idealTree:prePrune +-- binary-extensions@1.4.1
39 silly idealTree:prePrune +-- bluebird@2.10.2
39 silly idealTree:prePrune +-- body-parser@1.15.1
39 silly idealTree:prePrune +-- bootstrap@3.3.6
39 silly idealTree:prePrune +-- bower@1.7.9
39 silly idealTree:prePrune +-- brace-expansion@1.1.5
39 silly idealTree:prePrune +-- braces@1.8.5
39 silly idealTree:prePrune +-- browserify-zlib@0.1.4
39 silly idealTree:prePrune +-- bson@0.4.23
39 silly idealTree:prePrune +-- buffer-shims@1.0.0
39 silly idealTree:prePrune +-- buffer@3.6.0
39 silly idealTree:prePrune | `-- isarray@1.0.0
39 silly idealTree:prePrune +-- bytes@2.3.0
39 silly idealTree:prePrune +-- camelcase@1.2.1
39 silly idealTree:prePrune +-- center-align@0.1.3
39 silly idealTree:prePrune +-- chalk@1.1.3
39 silly idealTree:prePrune +-- chokidar@1.5.2
39 silly idealTree:prePrune +-- cliui@2.1.0
39 silly idealTree:prePrune | `-- wordwrap@0.0.2
39 silly idealTree:prePrune +-- clone@1.0.2
39 silly idealTree:prePrune +-- compressible@2.0.8
39 silly idealTree:prePrune +-- compression@1.6.2
39 silly idealTree:prePrune +-- concat-map@0.0.1
39 silly idealTree:prePrune +-- configstore@1.4.0
39 silly idealTree:prePrune +-- console-browserify@1.1.0
39 silly idealTree:prePrune +-- constants-browserify@0.0.1
39 silly idealTree:prePrune +-- content-disposition@0.5.1
39 silly idealTree:prePrune +-- content-type@1.0.2
39 silly idealTree:prePrune +-- convert-source-map@1.1.3
39 silly idealTree:prePrune +-- cookie-signature@1.0.6
39 silly idealTree:prePrune +-- cookie@0.3.1
39 silly idealTree:prePrune +-- core-util-is@1.0.2
39 silly idealTree:prePrune +-- crc@3.4.0
39 silly idealTree:prePrune +-- crypto-browserify@3.2.8
39 silly idealTree:prePrune +-- date-now@0.1.4
39 silly idealTree:prePrune +-- debug@2.2.0
39 silly idealTree:prePrune +-- decamelize@1.2.0
39 silly idealTree:prePrune +-- deep-extend@0.4.1
39 silly idealTree:prePrune +-- depd@1.1.0
39 silly idealTree:prePrune +-- destroy@1.0.4
39 silly idealTree:prePrune +-- domain-browser@1.1.7
39 silly idealTree:prePrune +-- duplexer@0.1.1
39 silly idealTree:prePrune +-- duplexify@3.4.3
39 silly idealTree:prePrune | +-- isarray@1.0.0
39 silly idealTree:prePrune | `-- readable-stream@2.1.4
39 silly idealTree:prePrune +-- ee-first@1.1.1
39 silly idealTree:prePrune +-- emojis-list@2.0.1
39 silly idealTree:prePrune +-- encodeurl@1.0.1
39 silly idealTree:prePrune +-- end-of-stream@1.0.0
39 silly idealTree:prePrune +-- enhanced-resolve@0.9.1
39 silly idealTree:prePrune | `-- memory-fs@0.2.0
39 silly idealTree:prePrune +-- errno@0.1.4
39 silly idealTree:prePrune +-- es6-promise@3.0.2
39 silly idealTree:prePrune +-- escape-html@1.0.3
39 silly idealTree:prePrune +-- escape-string-regexp@1.0.5
39 silly idealTree:prePrune +-- etag@1.7.0
39 silly idealTree:prePrune +-- event-stream@3.3.2
39 silly idealTree:prePrune +-- events@1.1.0
39 silly idealTree:prePrune +-- expand-brackets@0.1.5
39 silly idealTree:prePrune +-- expand-range@1.8.2
39 silly idealTree:prePrune +-- express-session@1.13.0
39 silly idealTree:prePrune | `-- cookie@0.2.3
39 silly idealTree:prePrune +-- express@4.14.0
39 silly idealTree:prePrune | `-- qs@6.2.0
39 silly idealTree:prePrune +-- extglob@0.3.2
39 silly idealTree:prePrune +-- filename-regex@2.0.0
39 silly idealTree:prePrune +-- fill-range@2.2.3
39 silly idealTree:prePrune +-- finalhandler@0.5.0
39 silly idealTree:prePrune +-- for-in@0.1.5
39 silly idealTree:prePrune +-- for-own@0.1.4
39 silly idealTree:prePrune +-- forwarded@0.1.0
39 silly idealTree:prePrune +-- fresh@0.3.0
39 silly idealTree:prePrune +-- from@0.1.3
39 silly idealTree:prePrune +-- glob-base@0.3.0
39 silly idealTree:prePrune +-- glob-parent@2.0.0
39 silly idealTree:prePrune +-- got@3.3.1
39 silly idealTree:prePrune | `-- object-assign@3.0.0
39 silly idealTree:prePrune +-- graceful-fs@4.1.4
39 silly idealTree:prePrune +-- has-ansi@2.0.0
39 silly idealTree:prePrune +-- has-flag@1.0.0
39 silly idealTree:prePrune +-- hooks-fixed@1.1.0
39 silly idealTree:prePrune +-- http-browserify@1.7.0
39 silly idealTree:prePrune +-- http-errors@1.4.0
39 silly idealTree:prePrune +-- https-browserify@0.0.0
39 silly idealTree:prePrune +-- iconv-lite@0.4.13
39 silly idealTree:prePrune +-- ieee754@1.1.6
39 silly idealTree:prePrune +-- ignore-by-default@1.0.1
39 silly idealTree:prePrune +-- imurmurhash@0.1.4
39 silly idealTree:prePrune +-- indexof@0.0.1
39 silly idealTree:prePrune +-- infinity-agent@2.0.3
39 silly idealTree:prePrune +-- inherits@2.0.1
39 silly idealTree:prePrune +-- ini@1.3.4
39 silly idealTree:prePrune +-- interpret@0.6.6
39 silly idealTree:prePrune +-- ipaddr.js@1.1.1
39 silly idealTree:prePrune +-- is-binary-path@1.0.1
39 silly idealTree:prePrune +-- is-buffer@1.1.3
39 silly idealTree:prePrune +-- is-dotfile@1.0.2
39 silly idealTree:prePrune +-- is-equal-shallow@0.1.3
39 silly idealTree:prePrune +-- is-extendable@0.1.1
39 silly idealTree:prePrune +-- is-extglob@1.0.0
39 silly idealTree:prePrune +-- is-finite@1.0.1
39 silly idealTree:prePrune +-- is-glob@2.0.1
39 silly idealTree:prePrune +-- is-npm@1.0.0
39 silly idealTree:prePrune +-- is-number@2.1.0
39 silly idealTree:prePrune +-- is-posix-bracket@0.1.1
39 silly idealTree:prePrune +-- is-primitive@2.0.0
39 silly idealTree:prePrune +-- is-redirect@1.0.0
39 silly idealTree:prePrune +-- is-stream@1.1.0
39 silly idealTree:prePrune +-- isarray@0.0.1
39 silly idealTree:prePrune +-- isobject@2.1.0
39 silly idealTree:prePrune | `-- isarray@1.0.0
39 silly idealTree:prePrune +-- jquery@2.2.4
39 silly idealTree:prePrune +-- json5@0.5.0
39 silly idealTree:prePrune +-- kareem@1.1.0
39 silly idealTree:prePrune +-- kind-of@3.0.3
39 silly idealTree:prePrune +-- latest-version@1.0.1
39 silly idealTree:prePrune +-- lazy-cache@1.0.4
39 silly idealTree:prePrune +-- loader-utils@0.2.15
39 silly idealTree:prePrune +-- lodash._baseassign@3.2.0
39 silly idealTree:prePrune +-- lodash._basecopy@3.0.1
39 silly idealTree:prePrune +-- lodash._bindcallback@3.0.1
39 silly idealTree:prePrune +-- lodash._createassigner@3.1.1
39 silly idealTree:prePrune +-- lodash._getnative@3.9.1
39 silly idealTree:prePrune +-- lodash._isiterateecall@3.0.9
39 silly idealTree:prePrune +-- lodash.assign@3.2.0
39 silly idealTree:prePrune +-- lodash.defaults@3.1.2
39 silly idealTree:prePrune +-- lodash.isarguments@3.0.8
39 silly idealTree:prePrune +-- lodash.isarray@3.0.4
39 silly idealTree:prePrune +-- lodash.keys@3.1.2
39 silly idealTree:prePrune +-- lodash.restparam@3.6.1
39 silly idealTree:prePrune +-- longest@1.0.1
39 silly idealTree:prePrune +-- lowercase-keys@1.0.0
39 silly idealTree:prePrune +-- map-stream@0.1.0
39 silly idealTree:prePrune +-- media-typer@0.3.0
39 silly idealTree:prePrune +-- memory-fs@0.3.0
39 silly idealTree:prePrune | +-- isarray@1.0.0
39 silly idealTree:prePrune | `-- readable-stream@2.1.4
39 silly idealTree:prePrune +-- merge-descriptors@1.0.1
39 silly idealTree:prePrune +-- methods@1.1.2
39 silly idealTree:prePrune +-- micromatch@2.3.8
39 silly idealTree:prePrune +-- mime-db@1.23.0
39 silly idealTree:prePrune +-- mime-types@2.1.11
39 silly idealTree:prePrune +-- mime@1.3.4
39 silly idealTree:prePrune +-- minimatch@3.0.0
39 silly idealTree:prePrune +-- minimist@0.0.8
39 silly idealTree:prePrune +-- mkdirp@0.5.1
39 silly idealTree:prePrune +-- mongodb-core@1.3.18
39 silly idealTree:prePrune +-- mongodb@2.1.18
39 silly idealTree:prePrune +-- mongoose@4.5.0
39 silly idealTree:prePrune +-- morgan@1.7.0
39 silly idealTree:prePrune +-- mpath@0.2.1
39 silly idealTree:prePrune +-- mpromise@0.5.5
39 silly idealTree:prePrune +-- mquery@1.11.0
39 silly idealTree:prePrune | `-- sliced@0.0.5
39 silly idealTree:prePrune +-- ms@0.7.1
39 silly idealTree:prePrune +-- muri@1.1.0
39 silly idealTree:prePrune +-- negotiator@0.6.1
39 silly idealTree:prePrune +-- nested-error-stacks@1.0.2
39 silly idealTree:prePrune +-- ng-annotate-webpack-plugin@0.1.3
39 silly idealTree:prePrune +-- ng-annotate@1.2.1
39 silly idealTree:prePrune +-- node-libs-browser@0.5.3
39 silly idealTree:prePrune | `-- readable-stream@1.1.14
39 silly idealTree:prePrune +-- nodemon@1.9.2
39 silly idealTree:prePrune +-- nopt@1.0.10
39 silly idealTree:prePrune +-- normalize-path@2.0.1
39 silly idealTree:prePrune +-- number-is-nan@1.0.0
39 silly idealTree:prePrune +-- object-assign@4.1.0
39 silly idealTree:prePrune +-- object.omit@2.0.0
39 silly idealTree:prePrune +-- on-finished@2.3.0
39 silly idealTree:prePrune +-- on-headers@1.0.1
39 silly idealTree:prePrune +-- once@1.3.3
39 silly idealTree:prePrune +-- optimist@0.6.1
39 silly idealTree:prePrune +-- ordered-ast-traverse@1.1.1
39 silly idealTree:prePrune +-- ordered-esprima-props@1.1.0
39 silly idealTree:prePrune +-- os-browserify@0.1.2
39 silly idealTree:prePrune +-- os-homedir@1.0.1
39 silly idealTree:prePrune +-- os-tmpdir@1.0.1
39 silly idealTree:prePrune +-- osenv@0.1.3
39 silly idealTree:prePrune +-- package-json@1.2.0
39 silly idealTree:prePrune +-- pako@0.2.8
39 silly idealTree:prePrune +-- parse-glob@3.0.4
39 silly idealTree:prePrune +-- parseurl@1.3.1
39 silly idealTree:prePrune +-- passport-local@1.0.0
39 silly idealTree:prePrune +-- passport-strategy@1.0.0
39 silly idealTree:prePrune +-- passport@0.3.2
39 silly idealTree:prePrune +-- path-browserify@0.0.0
39 silly idealTree:prePrune +-- path-is-absolute@1.0.0
39 silly idealTree:prePrune +-- path-to-regexp@0.1.7
39 silly idealTree:prePrune +-- pause-stream@0.0.11
39 silly idealTree:prePrune +-- pause@0.0.1
39 silly idealTree:prePrune +-- pbkdf2-compat@2.0.1
39 silly idealTree:prePrune +-- pinkie-promise@2.0.1
39 silly idealTree:prePrune +-- pinkie@2.0.4
39 silly idealTree:prePrune +-- prepend-http@1.0.4
39 silly idealTree:prePrune +-- preserve@0.2.0
39 silly idealTree:prePrune +-- process-nextick-args@1.0.7
39 silly idealTree:prePrune +-- process@0.11.5
39 silly idealTree:prePrune +-- proxy-addr@1.1.2
39 silly idealTree:prePrune +-- prr@0.0.0
39 silly idealTree:prePrune +-- ps-tree@1.1.0
39 silly idealTree:prePrune +-- punycode@1.4.1
39 silly idealTree:prePrune +-- qs@6.1.0
39 silly idealTree:prePrune +-- querystring-es3@0.2.1
39 silly idealTree:prePrune +-- querystring@0.2.0
39 silly idealTree:prePrune +-- randomatic@1.1.5
39 silly idealTree:prePrune +-- range-parser@1.2.0
39 silly idealTree:prePrune +-- raw-body@2.1.6
39 silly idealTree:prePrune +-- rc@1.1.6
39 silly idealTree:prePrune | `-- minimist@1.2.0
39 silly idealTree:prePrune +-- read-all-stream@3.1.0
39 silly idealTree:prePrune | +-- isarray@1.0.0
39 silly idealTree:prePrune | `-- readable-stream@2.1.4
39 silly idealTree:prePrune +-- readable-stream@1.0.31
39 silly idealTree:prePrune +-- readdirp@2.0.0
39 silly idealTree:prePrune | +-- isarray@1.0.0
39 silly idealTree:prePrune | +-- minimatch@2.0.10
39 silly idealTree:prePrune | `-- readable-stream@2.1.4
39 silly idealTree:prePrune +-- regex-cache@0.4.3
39 silly idealTree:prePrune +-- regexp-clone@0.0.1
39 silly idealTree:prePrune +-- registry-url@3.1.0
39 silly idealTree:prePrune +-- repeat-element@1.1.2
39 silly idealTree:prePrune +-- repeat-string@1.5.4
39 silly idealTree:prePrune +-- repeating@1.1.3
39 silly idealTree:prePrune +-- require_optional@1.0.0
39 silly idealTree:prePrune +-- resolve-from@2.0.0
39 silly idealTree:prePrune +-- right-align@0.1.3
39 silly idealTree:prePrune +-- ripemd160@0.2.0
39 silly idealTree:prePrune +-- semver-diff@2.1.0
39 silly idealTree:prePrune +-- semver@5.1.0
39 silly idealTree:prePrune +-- send@0.14.1
39 silly idealTree:prePrune | `-- http-errors@1.5.0
39 silly idealTree:prePrune +-- serve-static@1.11.1
39 silly idealTree:prePrune +-- setprototypeof@1.0.1
39 silly idealTree:prePrune +-- sha.js@2.2.6
39 silly idealTree:prePrune +-- simple-fmt@0.1.0
39 silly idealTree:prePrune +-- simple-is@0.2.0
39 silly idealTree:prePrune +-- sliced@1.0.1
39 silly idealTree:prePrune +-- slide@1.1.6
39 silly idealTree:prePrune +-- source-list-map@0.1.6
39 silly idealTree:prePrune +-- source-map@0.5.6
39 silly idealTree:prePrune +-- split@0.3.3
39 silly idealTree:prePrune +-- stable@0.1.5
39 silly idealTree:prePrune +-- statuses@1.3.0
39 silly idealTree:prePrune +-- stream-browserify@1.0.0
39 silly idealTree:prePrune +-- stream-combiner@0.0.4
39 silly idealTree:prePrune +-- string_decoder@0.10.31
39 silly idealTree:prePrune +-- string-length@1.0.1
39 silly idealTree:prePrune +-- stringmap@0.2.2
39 silly idealTree:prePrune +-- stringset@0.2.1
39 silly idealTree:prePrune +-- strip-ansi@3.0.1
39 silly idealTree:prePrune +-- strip-json-comments@1.0.4
39 silly idealTree:prePrune +-- supports-color@2.0.0
39 silly idealTree:prePrune +-- tapable@0.1.10
39 silly idealTree:prePrune +-- through@2.3.8
39 silly idealTree:prePrune +-- timed-out@2.0.0
39 silly idealTree:prePrune +-- timers-browserify@1.4.2
39 silly idealTree:prePrune +-- touch@1.0.0
39 silly idealTree:prePrune +-- tryor@0.1.2
39 silly idealTree:prePrune +-- tty-browserify@0.0.0
39 silly idealTree:prePrune +-- type-is@1.6.13
39 silly idealTree:prePrune +-- uglify-js@2.6.2
39 silly idealTree:prePrune | `-- async@0.2.10
39 silly idealTree:prePrune +-- uglify-to-browserify@1.0.2
39 silly idealTree:prePrune +-- uid-safe@2.0.0
39 silly idealTree:prePrune +-- undefsafe@0.0.3
39 silly idealTree:prePrune +-- unpipe@1.0.0
39 silly idealTree:prePrune +-- update-notifier@0.5.0
39 silly idealTree:prePrune +-- url@0.10.3
39 silly idealTree:prePrune | `-- punycode@1.3.2
39 silly idealTree:prePrune +-- util-deprecate@1.0.2
39 silly idealTree:prePrune +-- util@0.10.3
39 silly idealTree:prePrune +-- utils-merge@1.0.0
39 silly idealTree:prePrune +-- uuid@2.0.2
39 silly idealTree:prePrune +-- vary@1.1.0
39 silly idealTree:prePrune +-- vm-browserify@0.0.4
39 silly idealTree:prePrune +-- watchpack@0.2.9
39 silly idealTree:prePrune | `-- async@0.9.2
39 silly idealTree:prePrune +-- webpack-core@0.6.8
39 silly idealTree:prePrune | `-- source-map@0.4.4
39 silly idealTree:prePrune +-- webpack@1.13.1
39 silly idealTree:prePrune | +-- acorn@3.2.0
39 silly idealTree:prePrune | `-- supports-color@3.1.2
39 silly idealTree:prePrune +-- window-size@0.1.0
39 silly idealTree:prePrune +-- wordwrap@0.0.3
39 silly idealTree:prePrune +-- wrappy@1.0.2
39 silly idealTree:prePrune +-- write-file-atomic@1.1.4
39 silly idealTree:prePrune +-- xdg-basedir@2.0.0
39 silly idealTree:prePrune `-- yargs@3.10.0
40 silly loadIdealTree Finishing
41 silly currentTree socialmixr@0.0.1
41 silly currentTree +-- abbrev@1.0.9
41 silly currentTree +-- accepts@1.3.3
41 silly currentTree +-- acorn@2.6.4
41 silly currentTree +-- align-text@0.1.4
41 silly currentTree +-- alter@0.2.0
41 silly currentTree +-- amdefine@1.0.0
41 silly currentTree +-- angular-resource@1.5.7
41 silly currentTree +-- angular-route@1.5.7
41 silly currentTree +-- angular-ui-bootstrap@1.3.3
41 silly currentTree +-- angular@1.5.7
41 silly currentTree +-- ansi-regex@2.0.0
41 silly currentTree +-- ansi-styles@2.2.1
41 silly currentTree +-- anymatch@1.3.0
41 silly currentTree +-- arr-diff@2.0.0
41 silly currentTree +-- arr-flatten@1.0.1
41 silly currentTree +-- array-flatten@1.1.1
41 silly currentTree +-- array-unique@0.2.1
41 silly currentTree +-- arrify@1.0.1
41 silly currentTree +-- assert@1.4.1
41 silly currentTree +-- async-each@1.0.0
41 silly currentTree +-- async@1.5.2
41 silly currentTree +-- balanced-match@0.4.1
41 silly currentTree +-- base64-js@0.0.8
41 silly currentTree +-- base64-url@1.2.1
41 silly currentTree +-- Base64@0.2.1
41 silly currentTree +-- basic-auth@1.0.4
41 silly currentTree +-- big.js@3.1.3
41 silly currentTree +-- binary-extensions@1.4.1
41 silly currentTree +-- bluebird@2.10.2
41 silly currentTree +-- body-parser@1.15.1
41 silly currentTree +-- bootstrap@3.3.6
41 silly currentTree +-- bower@1.7.9
41 silly currentTree +-- brace-expansion@1.1.5
41 silly currentTree +-- braces@1.8.5
41 silly currentTree +-- browserify-zlib@0.1.4
41 silly currentTree +-- bson@0.4.23
41 silly currentTree +-- buffer-shims@1.0.0
41 silly currentTree +-- buffer@3.6.0
41 silly currentTree | `-- isarray@1.0.0
41 silly currentTree +-- bytes@2.3.0
41 silly currentTree +-- camelcase@1.2.1
41 silly currentTree +-- center-align@0.1.3
41 silly currentTree +-- chalk@1.1.3
41 silly currentTree +-- chokidar@1.5.2
41 silly currentTree +-- cliui@2.1.0
41 silly currentTree | `-- wordwrap@0.0.2
41 silly currentTree +-- clone@1.0.2
41 silly currentTree +-- compressible@2.0.8
41 silly currentTree +-- compression@1.6.2
41 silly currentTree +-- concat-map@0.0.1
41 silly currentTree +-- configstore@1.4.0
41 silly currentTree +-- console-browserify@1.1.0
41 silly currentTree +-- constants-browserify@0.0.1
41 silly currentTree +-- content-disposition@0.5.1
41 silly currentTree +-- content-type@1.0.2
41 silly currentTree +-- convert-source-map@1.1.3
41 silly currentTree +-- cookie-signature@1.0.6
41 silly currentTree +-- cookie@0.3.1
41 silly currentTree +-- core-util-is@1.0.2
41 silly currentTree +-- crc@3.4.0
41 silly currentTree +-- crypto-browserify@3.2.8
41 silly currentTree +-- date-now@0.1.4
41 silly currentTree +-- debug@2.2.0
41 silly currentTree +-- decamelize@1.2.0
41 silly currentTree +-- deep-extend@0.4.1
41 silly currentTree +-- depd@1.1.0
41 silly currentTree +-- destroy@1.0.4
41 silly currentTree +-- domain-browser@1.1.7
41 silly currentTree +-- duplexer@0.1.1
41 silly currentTree +-- duplexify@3.4.3
41 silly currentTree | +-- isarray@1.0.0
41 silly currentTree | `-- readable-stream@2.1.4
41 silly currentTree +-- ee-first@1.1.1
41 silly currentTree +-- emojis-list@2.0.1
41 silly currentTree +-- encodeurl@1.0.1
41 silly currentTree +-- end-of-stream@1.0.0
41 silly currentTree +-- enhanced-resolve@0.9.1
41 silly currentTree | `-- memory-fs@0.2.0
41 silly currentTree +-- errno@0.1.4
41 silly currentTree +-- es6-promise@3.0.2
41 silly currentTree +-- escape-html@1.0.3
41 silly currentTree +-- escape-string-regexp@1.0.5
41 silly currentTree +-- etag@1.7.0
41 silly currentTree +-- event-stream@3.3.2
41 silly currentTree +-- events@1.1.0
41 silly currentTree +-- expand-brackets@0.1.5
41 silly currentTree +-- expand-range@1.8.2
41 silly currentTree +-- express-session@1.13.0
41 silly currentTree | `-- cookie@0.2.3
41 silly currentTree +-- express@4.14.0
41 silly currentTree | `-- qs@6.2.0
41 silly currentTree +-- extglob@0.3.2
41 silly currentTree +-- filename-regex@2.0.0
41 silly currentTree +-- fill-range@2.2.3
41 silly currentTree +-- finalhandler@0.5.0
41 silly currentTree +-- for-in@0.1.5
41 silly currentTree +-- for-own@0.1.4
41 silly currentTree +-- forwarded@0.1.0
41 silly currentTree +-- fresh@0.3.0
41 silly currentTree +-- from@0.1.3
41 silly currentTree +-- glob-base@0.3.0
41 silly currentTree +-- glob-parent@2.0.0
41 silly currentTree +-- got@3.3.1
41 silly currentTree | `-- object-assign@3.0.0
41 silly currentTree +-- graceful-fs@4.1.4
41 silly currentTree +-- has-ansi@2.0.0
41 silly currentTree +-- has-flag@1.0.0
41 silly currentTree +-- hooks-fixed@1.1.0
41 silly currentTree +-- http-browserify@1.7.0
41 silly currentTree +-- http-errors@1.4.0
41 silly currentTree +-- https-browserify@0.0.0
41 silly currentTree +-- iconv-lite@0.4.13
41 silly currentTree +-- ieee754@1.1.6
41 silly currentTree +-- ignore-by-default@1.0.1
41 silly currentTree +-- imurmurhash@0.1.4
41 silly currentTree +-- indexof@0.0.1
41 silly currentTree +-- infinity-agent@2.0.3
41 silly currentTree +-- inherits@2.0.1
41 silly currentTree +-- ini@1.3.4
41 silly currentTree +-- interpret@0.6.6
41 silly currentTree +-- ipaddr.js@1.1.1
41 silly currentTree +-- is-binary-path@1.0.1
41 silly currentTree +-- is-buffer@1.1.3
41 silly currentTree +-- is-dotfile@1.0.2
41 silly currentTree +-- is-equal-shallow@0.1.3
41 silly currentTree +-- is-extendable@0.1.1
41 silly currentTree +-- is-extglob@1.0.0
41 silly currentTree +-- is-finite@1.0.1
41 silly currentTree +-- is-glob@2.0.1
41 silly currentTree +-- is-npm@1.0.0
41 silly currentTree +-- is-number@2.1.0
41 silly currentTree +-- is-posix-bracket@0.1.1
41 silly currentTree +-- is-primitive@2.0.0
41 silly currentTree +-- is-redirect@1.0.0
41 silly currentTree +-- is-stream@1.1.0
41 silly currentTree +-- isarray@0.0.1
41 silly currentTree +-- isobject@2.1.0
41 silly currentTree | `-- isarray@1.0.0
41 silly currentTree +-- jquery@2.2.4
41 silly currentTree +-- json5@0.5.0
41 silly currentTree +-- kareem@1.1.0
41 silly currentTree +-- kind-of@3.0.3
41 silly currentTree +-- latest-version@1.0.1
41 silly currentTree +-- lazy-cache@1.0.4
41 silly currentTree +-- loader-utils@0.2.15
41 silly currentTree +-- lodash._baseassign@3.2.0
41 silly currentTree +-- lodash._basecopy@3.0.1
41 silly currentTree +-- lodash._bindcallback@3.0.1
41 silly currentTree +-- lodash._createassigner@3.1.1
41 silly currentTree +-- lodash._getnative@3.9.1
41 silly currentTree +-- lodash._isiterateecall@3.0.9
41 silly currentTree +-- lodash.assign@3.2.0
41 silly currentTree +-- lodash.defaults@3.1.2
41 silly currentTree +-- lodash.isarguments@3.0.8
41 silly currentTree +-- lodash.isarray@3.0.4
41 silly currentTree +-- lodash.keys@3.1.2
41 silly currentTree +-- lodash.restparam@3.6.1
41 silly currentTree +-- longest@1.0.1
41 silly currentTree +-- lowercase-keys@1.0.0
41 silly currentTree +-- map-stream@0.1.0
41 silly currentTree +-- media-typer@0.3.0
41 silly currentTree +-- memory-fs@0.3.0
41 silly currentTree | +-- isarray@1.0.0
41 silly currentTree | `-- readable-stream@2.1.4
41 silly currentTree +-- merge-descriptors@1.0.1
41 silly currentTree +-- methods@1.1.2
41 silly currentTree +-- micromatch@2.3.8
41 silly currentTree +-- mime-db@1.23.0
41 silly currentTree +-- mime-types@2.1.11
41 silly currentTree +-- mime@1.3.4
41 silly currentTree +-- minimatch@3.0.0
41 silly currentTree +-- minimist@0.0.8
41 silly currentTree +-- mkdirp@0.5.1
41 silly currentTree +-- mongodb-core@1.3.18
41 silly currentTree +-- mongodb@2.1.18
41 silly currentTree +-- mongoose@4.5.0
41 silly currentTree +-- morgan@1.7.0
41 silly currentTree +-- mpath@0.2.1
41 silly currentTree +-- mpromise@0.5.5
41 silly currentTree +-- mquery@1.11.0
41 silly currentTree | `-- sliced@0.0.5
41 silly currentTree +-- ms@0.7.1
41 silly currentTree +-- muri@1.1.0
41 silly currentTree +-- negotiator@0.6.1
41 silly currentTree +-- nested-error-stacks@1.0.2
41 silly currentTree +-- ng-annotate-webpack-plugin@0.1.3
41 silly currentTree +-- ng-annotate@1.2.1
41 silly currentTree +-- node-libs-browser@0.5.3
41 silly currentTree | `-- readable-stream@1.1.14
41 silly currentTree +-- nodemon@1.9.2
41 silly currentTree +-- nopt@1.0.10
41 silly currentTree +-- normalize-path@2.0.1
41 silly currentTree +-- number-is-nan@1.0.0
41 silly currentTree +-- object-assign@4.1.0
41 silly currentTree +-- object.omit@2.0.0
41 silly currentTree +-- on-finished@2.3.0
41 silly currentTree +-- on-headers@1.0.1
41 silly currentTree +-- once@1.3.3
41 silly currentTree +-- optimist@0.6.1
41 silly currentTree +-- ordered-ast-traverse@1.1.1
41 silly currentTree +-- ordered-esprima-props@1.1.0
41 silly currentTree +-- os-browserify@0.1.2
41 silly currentTree +-- os-homedir@1.0.1
41 silly currentTree +-- os-tmpdir@1.0.1
41 silly currentTree +-- osenv@0.1.3
41 silly currentTree +-- package-json@1.2.0
41 silly currentTree +-- pako@0.2.8
41 silly currentTree +-- parse-glob@3.0.4
41 silly currentTree +-- parseurl@1.3.1
41 silly currentTree +-- passport-local@1.0.0
41 silly currentTree +-- passport-strategy@1.0.0
41 silly currentTree +-- passport@0.3.2
41 silly currentTree +-- path-browserify@0.0.0
41 silly currentTree +-- path-is-absolute@1.0.0
41 silly currentTree +-- path-to-regexp@0.1.7
41 silly currentTree +-- pause-stream@0.0.11
41 silly currentTree +-- pause@0.0.1
41 silly currentTree +-- pbkdf2-compat@2.0.1
41 silly currentTree +-- pinkie-promise@2.0.1
41 silly currentTree +-- pinkie@2.0.4
41 silly currentTree +-- prepend-http@1.0.4
41 silly currentTree +-- preserve@0.2.0
41 silly currentTree +-- process-nextick-args@1.0.7
41 silly currentTree +-- process@0.11.5
41 silly currentTree +-- proxy-addr@1.1.2
41 silly currentTree +-- prr@0.0.0
41 silly currentTree +-- ps-tree@1.1.0
41 silly currentTree +-- punycode@1.4.1
41 silly currentTree +-- qs@6.1.0
41 silly currentTree +-- querystring-es3@0.2.1
41 silly currentTree +-- querystring@0.2.0
41 silly currentTree +-- randomatic@1.1.5
41 silly currentTree +-- range-parser@1.2.0
41 silly currentTree +-- raw-body@2.1.6
41 silly currentTree +-- rc@1.1.6
41 silly currentTree | `-- minimist@1.2.0
41 silly currentTree +-- read-all-stream@3.1.0
41 silly currentTree | +-- isarray@1.0.0
41 silly currentTree | `-- readable-stream@2.1.4
41 silly currentTree +-- readable-stream@1.0.31
41 silly currentTree +-- readdirp@2.0.0
41 silly currentTree | +-- isarray@1.0.0
41 silly currentTree | +-- minimatch@2.0.10
41 silly currentTree | `-- readable-stream@2.1.4
41 silly currentTree +-- regex-cache@0.4.3
41 silly currentTree +-- regexp-clone@0.0.1
41 silly currentTree +-- registry-url@3.1.0
41 silly currentTree +-- repeat-element@1.1.2
41 silly currentTree +-- repeat-string@1.5.4
41 silly currentTree +-- repeating@1.1.3
41 silly currentTree +-- require_optional@1.0.0
41 silly currentTree +-- resolve-from@2.0.0
41 silly currentTree +-- right-align@0.1.3
41 silly currentTree +-- ripemd160@0.2.0
41 silly currentTree +-- semver-diff@2.1.0
41 silly currentTree +-- semver@5.1.0
41 silly currentTree +-- send@0.14.1
41 silly currentTree | `-- http-errors@1.5.0
41 silly currentTree +-- serve-static@1.11.1
41 silly currentTree +-- setprototypeof@1.0.1
41 silly currentTree +-- sha.js@2.2.6
41 silly currentTree +-- simple-fmt@0.1.0
41 silly currentTree +-- simple-is@0.2.0
41 silly currentTree +-- sliced@1.0.1
41 silly currentTree +-- slide@1.1.6
41 silly currentTree +-- source-list-map@0.1.6
41 silly currentTree +-- source-map@0.5.6
41 silly currentTree +-- split@0.3.3
41 silly currentTree +-- stable@0.1.5
41 silly currentTree +-- statuses@1.3.0
41 silly currentTree +-- stream-browserify@1.0.0
41 silly currentTree +-- stream-combiner@0.0.4
41 silly currentTree +-- string_decoder@0.10.31
41 silly currentTree +-- string-length@1.0.1
41 silly currentTree +-- stringmap@0.2.2
41 silly currentTree +-- stringset@0.2.1
41 silly currentTree +-- strip-ansi@3.0.1
41 silly currentTree +-- strip-json-comments@1.0.4
41 silly currentTree +-- supports-color@2.0.0
41 silly currentTree +-- tapable@0.1.10
41 silly currentTree +-- through@2.3.8
41 silly currentTree +-- timed-out@2.0.0
41 silly currentTree +-- timers-browserify@1.4.2
41 silly currentTree +-- touch@1.0.0
41 silly currentTree +-- tryor@0.1.2
41 silly currentTree +-- tty-browserify@0.0.0
41 silly currentTree +-- type-is@1.6.13
41 silly currentTree +-- uglify-js@2.6.2
41 silly currentTree | `-- async@0.2.10
41 silly currentTree +-- uglify-to-browserify@1.0.2
41 silly currentTree +-- uid-safe@2.0.0
41 silly currentTree +-- undefsafe@0.0.3
41 silly currentTree +-- unpipe@1.0.0
41 silly currentTree +-- update-notifier@0.5.0
41 silly currentTree +-- url@0.10.3
41 silly currentTree | `-- punycode@1.3.2
41 silly currentTree +-- util-deprecate@1.0.2
41 silly currentTree +-- util@0.10.3
41 silly currentTree +-- utils-merge@1.0.0
41 silly currentTree +-- uuid@2.0.2
41 silly currentTree +-- vary@1.1.0
41 silly currentTree +-- vm-browserify@0.0.4
41 silly currentTree +-- watchpack@0.2.9
41 silly currentTree | `-- async@0.9.2
41 silly currentTree +-- webpack-core@0.6.8
41 silly currentTree | `-- source-map@0.4.4
41 silly currentTree +-- webpack@1.13.1
41 silly currentTree | +-- acorn@3.2.0
41 silly currentTree | `-- supports-color@3.1.2
41 silly currentTree +-- window-size@0.1.0
41 silly currentTree +-- wordwrap@0.0.3
41 silly currentTree +-- wrappy@1.0.2
41 silly currentTree +-- write-file-atomic@1.1.4
41 silly currentTree +-- xdg-basedir@2.0.0
41 silly currentTree `-- yargs@3.10.0
42 silly idealTree socialmixr@0.0.1
42 silly idealTree +-- abbrev@1.0.9
42 silly idealTree +-- accepts@1.3.3
42 silly idealTree +-- acorn@2.6.4
42 silly idealTree +-- align-text@0.1.4
42 silly idealTree +-- alter@0.2.0
42 silly idealTree +-- amdefine@1.0.0
42 silly idealTree +-- angular-resource@1.5.7
42 silly idealTree +-- angular-route@1.5.7
42 silly idealTree +-- angular-ui-bootstrap@1.3.3
42 silly idealTree +-- angular@1.5.7
42 silly idealTree +-- ansi-regex@2.0.0
42 silly idealTree +-- ansi-styles@2.2.1
42 silly idealTree +-- anymatch@1.3.0
42 silly idealTree +-- arr-diff@2.0.0
42 silly idealTree +-- arr-flatten@1.0.1
42 silly idealTree +-- array-flatten@1.1.1
42 silly idealTree +-- array-unique@0.2.1
42 silly idealTree +-- arrify@1.0.1
42 silly idealTree +-- assert@1.4.1
42 silly idealTree +-- async-each@1.0.0
42 silly idealTree +-- async@1.5.2
42 silly idealTree +-- balanced-match@0.4.1
42 silly idealTree +-- base64-js@0.0.8
42 silly idealTree +-- base64-url@1.2.1
42 silly idealTree +-- Base64@0.2.1
42 silly idealTree +-- basic-auth@1.0.4
42 silly idealTree +-- big.js@3.1.3
42 silly idealTree +-- binary-extensions@1.4.1
42 silly idealTree +-- bluebird@2.10.2
42 silly idealTree +-- body-parser@1.15.1
42 silly idealTree +-- bootstrap@3.3.6
42 silly idealTree +-- bower@1.7.9
42 silly idealTree +-- brace-expansion@1.1.5
42 silly idealTree +-- braces@1.8.5
42 silly idealTree +-- browserify-zlib@0.1.4
42 silly idealTree +-- bson@0.4.23
42 silly idealTree +-- buffer-shims@1.0.0
42 silly idealTree +-- buffer@3.6.0
42 silly idealTree | `-- isarray@1.0.0
42 silly idealTree +-- bytes@2.3.0
42 silly idealTree +-- camelcase@1.2.1
42 silly idealTree +-- center-align@0.1.3
42 silly idealTree +-- chalk@1.1.3
42 silly idealTree +-- chokidar@1.5.2
42 silly idealTree +-- cliui@2.1.0
42 silly idealTree | `-- wordwrap@0.0.2
42 silly idealTree +-- clone@1.0.2
42 silly idealTree +-- compressible@2.0.8
42 silly idealTree +-- compression@1.6.2
42 silly idealTree +-- concat-map@0.0.1
42 silly idealTree +-- configstore@1.4.0
42 silly idealTree +-- console-browserify@1.1.0
42 silly idealTree +-- constants-browserify@0.0.1
42 silly idealTree +-- content-disposition@0.5.1
42 silly idealTree +-- content-type@1.0.2
42 silly idealTree +-- convert-source-map@1.1.3
42 silly idealTree +-- cookie-signature@1.0.6
42 silly idealTree +-- cookie@0.3.1
42 silly idealTree +-- core-util-is@1.0.2
42 silly idealTree +-- crc@3.4.0
42 silly idealTree +-- crypto-browserify@3.2.8
42 silly idealTree +-- date-now@0.1.4
42 silly idealTree +-- debug@2.2.0
42 silly idealTree +-- decamelize@1.2.0
42 silly idealTree +-- deep-extend@0.4.1
42 silly idealTree +-- depd@1.1.0
42 silly idealTree +-- destroy@1.0.4
42 silly idealTree +-- domain-browser@1.1.7
42 silly idealTree +-- duplexer@0.1.1
42 silly idealTree +-- duplexify@3.4.3
42 silly idealTree | +-- isarray@1.0.0
42 silly idealTree | `-- readable-stream@2.1.4
42 silly idealTree +-- ee-first@1.1.1
42 silly idealTree +-- emojis-list@2.0.1
42 silly idealTree +-- encodeurl@1.0.1
42 silly idealTree +-- end-of-stream@1.0.0
42 silly idealTree +-- enhanced-resolve@0.9.1
42 silly idealTree | `-- memory-fs@0.2.0
42 silly idealTree +-- errno@0.1.4
42 silly idealTree +-- es6-promise@3.0.2
42 silly idealTree +-- escape-html@1.0.3
42 silly idealTree +-- escape-string-regexp@1.0.5
42 silly idealTree +-- etag@1.7.0
42 silly idealTree +-- event-stream@3.3.2
42 silly idealTree +-- events@1.1.0
42 silly idealTree +-- expand-brackets@0.1.5
42 silly idealTree +-- expand-range@1.8.2
42 silly idealTree +-- express-session@1.13.0
42 silly idealTree | `-- cookie@0.2.3
42 silly idealTree +-- express@4.14.0
42 silly idealTree | `-- qs@6.2.0
42 silly idealTree +-- extglob@0.3.2
42 silly idealTree +-- filename-regex@2.0.0
42 silly idealTree +-- fill-range@2.2.3
42 silly idealTree +-- finalhandler@0.5.0
42 silly idealTree +-- for-in@0.1.5
42 silly idealTree +-- for-own@0.1.4
42 silly idealTree +-- forwarded@0.1.0
42 silly idealTree +-- fresh@0.3.0
42 silly idealTree +-- from@0.1.3
42 silly idealTree +-- glob-base@0.3.0
42 silly idealTree +-- glob-parent@2.0.0
42 silly idealTree +-- got@3.3.1
42 silly idealTree | `-- object-assign@3.0.0
42 silly idealTree +-- graceful-fs@4.1.4
42 silly idealTree +-- has-ansi@2.0.0
42 silly idealTree +-- has-flag@1.0.0
42 silly idealTree +-- hooks-fixed@1.1.0
42 silly idealTree +-- http-browserify@1.7.0
42 silly idealTree +-- http-errors@1.4.0
42 silly idealTree +-- https-browserify@0.0.0
42 silly idealTree +-- iconv-lite@0.4.13
42 silly idealTree +-- ieee754@1.1.6
42 silly idealTree +-- ignore-by-default@1.0.1
42 silly idealTree +-- imurmurhash@0.1.4
42 silly idealTree +-- indexof@0.0.1
42 silly idealTree +-- infinity-agent@2.0.3
42 silly idealTree +-- inherits@2.0.1
42 silly idealTree +-- ini@1.3.4
42 silly idealTree +-- interpret@0.6.6
42 silly idealTree +-- ipaddr.js@1.1.1
42 silly idealTree +-- is-binary-path@1.0.1
42 silly idealTree +-- is-buffer@1.1.3
42 silly idealTree +-- is-dotfile@1.0.2
42 silly idealTree +-- is-equal-shallow@0.1.3
42 silly idealTree +-- is-extendable@0.1.1
42 silly idealTree +-- is-extglob@1.0.0
42 silly idealTree +-- is-finite@1.0.1
42 silly idealTree +-- is-glob@2.0.1
42 silly idealTree +-- is-npm@1.0.0
42 silly idealTree +-- is-number@2.1.0
42 silly idealTree +-- is-posix-bracket@0.1.1
42 silly idealTree +-- is-primitive@2.0.0
42 silly idealTree +-- is-redirect@1.0.0
42 silly idealTree +-- is-stream@1.1.0
42 silly idealTree +-- isarray@0.0.1
42 silly idealTree +-- isobject@2.1.0
42 silly idealTree | `-- isarray@1.0.0
42 silly idealTree +-- jquery@2.2.4
42 silly idealTree +-- json5@0.5.0
42 silly idealTree +-- kareem@1.1.0
42 silly idealTree +-- kind-of@3.0.3
42 silly idealTree +-- latest-version@1.0.1
42 silly idealTree +-- lazy-cache@1.0.4
42 silly idealTree +-- loader-utils@0.2.15
42 silly idealTree +-- lodash._baseassign@3.2.0
42 silly idealTree +-- lodash._basecopy@3.0.1
42 silly idealTree +-- lodash._bindcallback@3.0.1
42 silly idealTree +-- lodash._createassigner@3.1.1
42 silly idealTree +-- lodash._getnative@3.9.1
42 silly idealTree +-- lodash._isiterateecall@3.0.9
42 silly idealTree +-- lodash.assign@3.2.0
42 silly idealTree +-- lodash.defaults@3.1.2
42 silly idealTree +-- lodash.isarguments@3.0.8
42 silly idealTree +-- lodash.isarray@3.0.4
42 silly idealTree +-- lodash.keys@3.1.2
42 silly idealTree +-- lodash.restparam@3.6.1
42 silly idealTree +-- longest@1.0.1
42 silly idealTree +-- lowercase-keys@1.0.0
42 silly idealTree +-- map-stream@0.1.0
42 silly idealTree +-- media-typer@0.3.0
42 silly idealTree +-- memory-fs@0.3.0
42 silly idealTree | +-- isarray@1.0.0
42 silly idealTree | `-- readable-stream@2.1.4
42 silly idealTree +-- merge-descriptors@1.0.1
42 silly idealTree +-- methods@1.1.2
42 silly idealTree +-- micromatch@2.3.8
42 silly idealTree +-- mime-db@1.23.0
42 silly idealTree +-- mime-types@2.1.11
42 silly idealTree +-- mime@1.3.4
42 silly idealTree +-- minimatch@3.0.0
42 silly idealTree +-- minimist@0.0.8
42 silly idealTree +-- mkdirp@0.5.1
42 silly idealTree +-- mongodb-core@1.3.18
42 silly idealTree +-- mongodb@2.1.18
42 silly idealTree +-- mongoose@4.5.0
42 silly idealTree +-- morgan@1.7.0
42 silly idealTree +-- mpath@0.2.1
42 silly idealTree +-- mpromise@0.5.5
42 silly idealTree +-- mquery@1.11.0
42 silly idealTree | `-- sliced@0.0.5
42 silly idealTree +-- ms@0.7.1
42 silly idealTree +-- muri@1.1.0
42 silly idealTree +-- negotiator@0.6.1
42 silly idealTree +-- nested-error-stacks@1.0.2
42 silly idealTree +-- ng-annotate-webpack-plugin@0.1.3
42 silly idealTree +-- ng-annotate@1.2.1
42 silly idealTree +-- node-libs-browser@0.5.3
42 silly idealTree | `-- readable-stream@1.1.14
42 silly idealTree +-- nodemon@1.9.2
42 silly idealTree +-- nopt@1.0.10
42 silly idealTree +-- normalize-path@2.0.1
42 silly idealTree +-- number-is-nan@1.0.0
42 silly idealTree +-- object-assign@4.1.0
42 silly idealTree +-- object.omit@2.0.0
42 silly idealTree +-- on-finished@2.3.0
42 silly idealTree +-- on-headers@1.0.1
42 silly idealTree +-- once@1.3.3
42 silly idealTree +-- optimist@0.6.1
42 silly idealTree +-- ordered-ast-traverse@1.1.1
42 silly idealTree +-- ordered-esprima-props@1.1.0
42 silly idealTree +-- os-browserify@0.1.2
42 silly idealTree +-- os-homedir@1.0.1
42 silly idealTree +-- os-tmpdir@1.0.1
42 silly idealTree +-- osenv@0.1.3
42 silly idealTree +-- package-json@1.2.0
42 silly idealTree +-- pako@0.2.8
42 silly idealTree +-- parse-glob@3.0.4
42 silly idealTree +-- parseurl@1.3.1
42 silly idealTree +-- passport-local@1.0.0
42 silly idealTree +-- passport-strategy@1.0.0
42 silly idealTree +-- passport@0.3.2
42 silly idealTree +-- path-browserify@0.0.0
42 silly idealTree +-- path-is-absolute@1.0.0
42 silly idealTree +-- path-to-regexp@0.1.7
42 silly idealTree +-- pause-stream@0.0.11
42 silly idealTree +-- pause@0.0.1
42 silly idealTree +-- pbkdf2-compat@2.0.1
42 silly idealTree +-- pinkie-promise@2.0.1
42 silly idealTree +-- pinkie@2.0.4
42 silly idealTree +-- prepend-http@1.0.4
42 silly idealTree +-- preserve@0.2.0
42 silly idealTree +-- process-nextick-args@1.0.7
42 silly idealTree +-- process@0.11.5
42 silly idealTree +-- proxy-addr@1.1.2
42 silly idealTree +-- prr@0.0.0
42 silly idealTree +-- ps-tree@1.1.0
42 silly idealTree +-- punycode@1.4.1
42 silly idealTree +-- qs@6.1.0
42 silly idealTree +-- querystring-es3@0.2.1
42 silly idealTree +-- querystring@0.2.0
42 silly idealTree +-- randomatic@1.1.5
42 silly idealTree +-- range-parser@1.2.0
42 silly idealTree +-- raw-body@2.1.6
42 silly idealTree +-- rc@1.1.6
42 silly idealTree | `-- minimist@1.2.0
42 silly idealTree +-- read-all-stream@3.1.0
42 silly idealTree | +-- isarray@1.0.0
42 silly idealTree | `-- readable-stream@2.1.4
42 silly idealTree +-- readable-stream@1.0.31
42 silly idealTree +-- readdirp@2.0.0
42 silly idealTree | +-- isarray@1.0.0
42 silly idealTree | +-- minimatch@2.0.10
42 silly idealTree | `-- readable-stream@2.1.4
42 silly idealTree +-- regex-cache@0.4.3
42 silly idealTree +-- regexp-clone@0.0.1
42 silly idealTree +-- registry-url@3.1.0
42 silly idealTree +-- repeat-element@1.1.2
42 silly idealTree +-- repeat-string@1.5.4
42 silly idealTree +-- repeating@1.1.3
42 silly idealTree +-- require_optional@1.0.0
42 silly idealTree +-- resolve-from@2.0.0
42 silly idealTree +-- right-align@0.1.3
42 silly idealTree +-- ripemd160@0.2.0
42 silly idealTree +-- semver-diff@2.1.0
42 silly idealTree +-- semver@5.1.0
42 silly idealTree +-- send@0.14.1
42 silly idealTree | `-- http-errors@1.5.0
42 silly idealTree +-- serve-static@1.11.1
42 silly idealTree +-- setprototypeof@1.0.1
42 silly idealTree +-- sha.js@2.2.6
42 silly idealTree +-- simple-fmt@0.1.0
42 silly idealTree +-- simple-is@0.2.0
42 silly idealTree +-- sliced@1.0.1
42 silly idealTree +-- slide@1.1.6
42 silly idealTree +-- source-list-map@0.1.6
42 silly idealTree +-- source-map@0.5.6
42 silly idealTree +-- split@0.3.3
42 silly idealTree +-- stable@0.1.5
42 silly idealTree +-- statuses@1.3.0
42 silly idealTree +-- stream-browserify@1.0.0
42 silly idealTree +-- stream-combiner@0.0.4
42 silly idealTree +-- string_decoder@0.10.31
42 silly idealTree +-- string-length@1.0.1
42 silly idealTree +-- stringmap@0.2.2
42 silly idealTree +-- stringset@0.2.1
42 silly idealTree +-- strip-ansi@3.0.1
42 silly idealTree +-- strip-json-comments@1.0.4
42 silly idealTree +-- supports-color@2.0.0
42 silly idealTree +-- tapable@0.1.10
42 silly idealTree +-- through@2.3.8
42 silly idealTree +-- timed-out@2.0.0
42 silly idealTree +-- timers-browserify@1.4.2
42 silly idealTree +-- touch@1.0.0
42 silly idealTree +-- tryor@0.1.2
42 silly idealTree +-- tty-browserify@0.0.0
42 silly idealTree +-- type-is@1.6.13
42 silly idealTree +-- uglify-js@2.6.2
42 silly idealTree | `-- async@0.2.10
42 silly idealTree +-- uglify-to-browserify@1.0.2
42 silly idealTree +-- uid-safe@2.0.0
42 silly idealTree +-- undefsafe@0.0.3
42 silly idealTree +-- unpipe@1.0.0
42 silly idealTree +-- update-notifier@0.5.0
42 silly idealTree +-- url@0.10.3
42 silly idealTree | `-- punycode@1.3.2
42 silly idealTree +-- util-deprecate@1.0.2
42 silly idealTree +-- util@0.10.3
42 silly idealTree +-- utils-merge@1.0.0
42 silly idealTree +-- uuid@2.0.2
42 silly idealTree +-- vary@1.1.0
42 silly idealTree +-- vm-browserify@0.0.4
42 silly idealTree +-- watchpack@0.2.9
42 silly idealTree | `-- async@0.9.2
42 silly idealTree +-- webpack-core@0.6.8
42 silly idealTree | `-- source-map@0.4.4
42 silly idealTree +-- webpack@1.13.1
42 silly idealTree | +-- acorn@3.2.0
42 silly idealTree | `-- supports-color@3.1.2
42 silly idealTree +-- window-size@0.1.0
42 silly idealTree +-- wordwrap@0.0.3
42 silly idealTree +-- wrappy@1.0.2
42 silly idealTree +-- write-file-atomic@1.1.4
42 silly idealTree +-- xdg-basedir@2.0.0
42 silly idealTree `-- yargs@3.10.0
43 silly generateActionsToTake Starting
44 silly install generateActionsToTake
45 silly generateActionsToTake Finishing
46 silly diffTrees action count 0
47 silly decomposeActions action count 0
48 silly executeActions Starting
49 silly install executeActions
50 silly doSerial global-install 0
51 silly doParallel fetch 0
52 verbose correctMkdir C:\Users\msteg_000\AppData\Roaming\npm-cache\_locks correctMkdir not in flight; initializing
53 verbose lock using C:\Users\msteg_000\AppData\Roaming\npm-cache\_locks\staging-27f83f91b9eed40e.lock for C:\Users\msteg_000\Documents\GitHub\socialMixr\node_modules\.staging
54 silly doParallel extract 0
55 silly doParallel preinstall 0
56 silly doReverseSerial remove 0
57 silly doSerial move 0
58 silly doSerial finalize 0
59 silly doSerial build 0
60 silly doSerial global-link 0
61 silly doParallel update-linked 0
62 silly doSerial install 0
63 silly doSerial postinstall 0
64 verbose unlock done using C:\Users\msteg_000\AppData\Roaming\npm-cache\_locks\staging-27f83f91b9eed40e.lock for C:\Users\msteg_000\Documents\GitHub\socialMixr\node_modules\.staging
65 silly executeActions Finishing
66 silly rollbackFailedOptional Starting
67 silly rollbackFailedOptional Finishing
68 silly runTopLevelLifecycles Starting
69 silly install runTopLevelLifecycles
70 silly preinstall socialmixr@0.0.1 C:\Users\msteg_000\Documents\GitHub\socialMixr\socialmixr-01fbe8db
71 info lifecycle socialmixr@0.0.1~preinstall: socialmixr@0.0.1
72 silly lifecycle socialmixr@0.0.1~preinstall: no script for preinstall, continuing
73 silly build socialmixr@0.0.1
74 info linkStuff socialmixr@0.0.1
75 silly linkStuff socialmixr@0.0.1 has C:\Users\msteg_000\Documents\GitHub as its parent node_modules
76 verbose linkBins socialmixr@0.0.1
77 verbose linkMans socialmixr@0.0.1
78 silly install socialmixr@0.0.1 C:\Users\msteg_000\Documents\GitHub\socialMixr\socialmixr-01fbe8db
79 info lifecycle socialmixr@0.0.1~install: socialmixr@0.0.1
80 silly lifecycle socialmixr@0.0.1~install: no script for install, continuing
81 silly postinstall socialmixr@0.0.1 C:\Users\msteg_000\Documents\GitHub\socialMixr\socialmixr-01fbe8db
82 info lifecycle socialmixr@0.0.1~postinstall: socialmixr@0.0.1
83 verbose lifecycle socialmixr@0.0.1~postinstall: unsafe-perm in lifecycle true
84 verbose lifecycle socialmixr@0.0.1~postinstall: PATH: C:\Program Files\nodejs\node_modules\npm\bin\node-gyp-bin;C:\Users\msteg_000\Documents\GitHub\socialMixr\node_modules\.bin;C:\Program Files\nodejs;C:\ProgramData\Oracle\Java\javapath;C:\Program Files\Haskell\bin;C:\Program Files\Haskell Platform\2014.2.0.0\lib\extralibs\bin;C:\Program Files\Haskell Platform\2014.2.0.0\bin;C:\Program Files (x86)\Intel\iCLS Client\;C:\Program Files\Intel\iCLS Client\;C:\WINDOWS\system32;C:\WINDOWS;C:\WINDOWS\System32\Wbem;C:\WINDOWS\System32\WindowsPowerShell\v1.0\;C:\Program Files (x86)\Intel\OpenCL SDK\2.0\bin\x86;C:\Program Files (x86)\Intel\OpenCL SDK\2.0\bin\x64;C:\Program Files (x86)\Windows Kits\8.0\Windows Performance Toolkit\;C:\Program Files\Haskell Platform\2014.2.0.0\mingw\bin;C:\Anaconda3;C:\Anaconda3\Scripts;C:\Anaconda3\Library\bin;C:\Program Files (x86)\Skype\Phone\;C:\Program Files\Intel\Intel(R) Management Engine Components\DAL;C:\Program Files\Intel\Intel(R) Management Engine Components\IPT;C:\Program Files (x86)\Intel\Intel(R) Management Engine Components\DAL;C:\Program Files (x86)\Intel\Intel(R) Management Engine Components\IPT;C:\Program Files\nodejs\;C:\Program Files\Git\cmd;C:\Users\msteg_000\Anaconda3;C:\Users\msteg_000\Anaconda3\Scripts;C:\Users\msteg_000\Anaconda3\Library\bin;C:\Users\msteg_000\AppData\Roaming\cabal\bin;C:\Users\msteg_000\AppData\Local\atom\bin;C:\texlive\2015\bin\win32;C:\Users\msteg_000\AppData\Roaming\npm;C:\Program Files (x86)\Microsoft VS Code\bin
85 verbose lifecycle socialmixr@0.0.1~postinstall: CWD: C:\Users\msteg_000\Documents\GitHub\socialMixr
86 silly lifecycle socialmixr@0.0.1~postinstall: Args: [ '/d /s /c', './node_modules/bower/bin/bower install' ]
87 silly lifecycle socialmixr@0.0.1~postinstall: Returned: code: 1  signal: null
88 info lifecycle socialmixr@0.0.1~postinstall: Failed to exec postinstall script
89 warn optional Skipping failed optional dependency /chokidar/fsevents:
90 warn notsup Not compatible with your operating system or architecture: fsevents@1.0.12
91 warn socialmixr@0.0.1 No repository field.
92 verbose stack Error: socialmixr@0.0.1 postinstall: `./node_modules/bower/bin/bower install`
92 verbose stack Exit status 1
92 verbose stack     at EventEmitter.<anonymous> (C:\Program Files\nodejs\node_modules\npm\lib\utils\lifecycle.js:245:16)
92 verbose stack     at emitTwo (events.js:106:13)
92 verbose stack     at EventEmitter.emit (events.js:191:7)
92 verbose stack     at ChildProcess.<anonymous> (C:\Program Files\nodejs\node_modules\npm\lib\utils\spawn.js:24:14)
92 verbose stack     at emitTwo (events.js:106:13)
92 verbose stack     at ChildProcess.emit (events.js:191:7)
92 verbose stack     at maybeClose (internal/child_process.js:852:16)
92 verbose stack     at Process.ChildProcess._handle.onexit (internal/child_process.js:215:5)
93 verbose pkgid socialmixr@0.0.1
94 verbose cwd C:\Users\msteg_000\Documents\GitHub\socialMixr
95 error Windows_NT 10.0.10586
96 error argv "C:\\Program Files\\nodejs\\node.exe" "C:\\Program Files\\nodejs\\node_modules\\npm\\bin\\npm-cli.js" "install"
97 error node v6.2.1
98 error npm  v3.9.3
99 error code ELIFECYCLE
100 error socialmixr@0.0.1 postinstall: `./node_modules/bower/bin/bower install`
100 error Exit status 1
101 error Failed at the socialmixr@0.0.1 postinstall script './node_modules/bower/bin/bower install'.
101 error Make sure you have the latest version of node.js and npm installed.
101 error If you do, this is most likely a problem with the socialmixr package,
101 error not with npm itself.
101 error Tell the author that this fails on your system:
101 error     ./node_modules/bower/bin/bower install
101 error You can get information on how to open an issue for this project with:
101 error     npm bugs socialmixr
101 error Or if that isn't available, you can get their info via:
101 error     npm owner ls socialmixr
101 error There is likely additional logging output above.
102 verbose exit [ 1, true ]
